INFO: [VRFC 10-2263] Analyzing Verilog file "C:/Users/DeLL/Desktop/Microprocessor/single_cycle_mips/single_cycle_mips.srcs/sources_1/new/ALU_Control.v" into library xil_defaultlib
INFO: [VRFC 10-311] analyzing module ALU_Control
INFO: [VRFC 10-2263] Analyzing Verilog file "C:/Users/DeLL/Desktop/Microprocessor/single_cycle_mips/single_cycle_mips.srcs/sources_1/new/Control.v" into library xil_defaultlib
INFO: [VRFC 10-311] analyzing module Control
INFO: [VRFC 10-2263] Analyzing Verilog file "C:/Users/DeLL/Desktop/Microprocessor/single_cycle_mips/single_cycle_mips.srcs/sources_1/new/alu_main.v" into library xil_defaultlib
INFO: [VRFC 10-311] analyzing module alu_main
INFO: [VRFC 10-2263] Analyzing Verilog file "C:/Users/DeLL/Desktop/Microprocessor/single_cycle_mips/single_cycle_mips.srcs/sources_1/new/data_memory.v" into library xil_defaultlib
INFO: [VRFC 10-311] analyzing module data_memory
INFO: [VRFC 10-2263] Analyzing Verilog file "C:/Users/DeLL/Desktop/Microprocessor/single_cycle_mips/single_cycle_mips.srcs/sources_1/new/datapath.v" into library xil_defaultlib
INFO: [VRFC 10-311] analyzing module datapath
INFO: [VRFC 10-2263] Analyzing Verilog file "C:/Users/DeLL/Desktop/Microprocessor/single_cycle_mips/single_cycle_mips.srcs/sources_1/new/demux.v" into library xil_defaultlib
INFO: [VRFC 10-311] analyzing module demux
INFO: [VRFC 10-2263] Analyzing Verilog file "C:/Users/DeLL/Desktop/Microprocessor/single_cycle_mips/single_cycle_mips.srcs/sources_1/new/dff_en.v" into library xil_defaultlib
INFO: [VRFC 10-311] analyzing module dff_en
INFO: [VRFC 10-2263] Analyzing Verilog file "C:/Users/DeLL/Desktop/Microprocessor/single_cycle_mips/single_cycle_mips.srcs/sources_1/new/instruction_memory.v" into library xil_defaultlib
INFO: [VRFC 10-311] analyzing module instruction_memory
INFO: [VRFC 10-2263] Analyzing Verilog file "C:/Users/DeLL/Desktop/Microprocessor/single_cycle_mips/single_cycle_mips.srcs/sources_1/new/program_counter.v" into library xil_defaultlib
INFO: [VRFC 10-311] analyzing module program_counter
INFO: [VRFC 10-2263] Analyzing Verilog file "C:/Users/DeLL/Desktop/Microprocessor/single_cycle_mips/single_cycle_mips.srcs/sources_1/new/reg_file.v" into library xil_defaultlib
INFO: [VRFC 10-311] analyzing module reg_file
INFO: [VRFC 10-2263] Analyzing Verilog file "C:/Users/DeLL/Desktop/Microprocessor/single_cycle_mips/single_cycle_mips.srcs/sources_1/new/register.v" into library xil_defaultlib
INFO: [VRFC 10-311] analyzing module register
INFO: [VRFC 10-2263] Analyzing Verilog file "C:/Users/DeLL/Desktop/Microprocessor/single_cycle_mips/single_cycle_mips.srcs/sim_1/new/tb.v" into library xil_defaultlib
INFO: [VRFC 10-311] analyzing module tb
